<?xml version="1.0" encoding="UTF-8"?>
<testng-results ignored="0" total="2" passed="2" failed="0" skipped="0">
  <reporter-output>
  </reporter-output>
  <suite started-at="2020-11-20T13:27:43 IST" name="Default suite" finished-at="2020-11-20T13:28:31 IST" duration-ms="48403">
    <groups>
    </groups>
    <test started-at="2020-11-20T13:27:43 IST" name="Default test" finished-at="2020-11-20T13:28:31 IST" duration-ms="48403">
      <class name="com.tester.DemoTest">
        <test-method signature="test1()[pri:0, instance:com.tester.DemoTest@6a03bcb1]" started-at="2020-11-20T13:27:43 IST" name="test1" finished-at="2020-11-20T13:28:11 IST" duration-ms="28538" status="PASS">
          <reporter-output>
          </reporter-output>
        </test-method> <!-- test1 -->
        <test-method signature="test2()[pri:0, instance:com.tester.DemoTest@6a03bcb1]" started-at="2020-11-20T13:28:11 IST" name="test2" finished-at="2020-11-20T13:28:31 IST" duration-ms="19669" status="PASS">
          <reporter-output>
          </reporter-output>
        </test-method> <!-- test2 -->
      </class> <!-- com.tester.DemoTest -->
    </test> <!-- Default test -->
  </suite> <!-- Default suite -->
</testng-results>
