<?xml version="1.0" encoding="UTF-8"?>
<testng-results ignored="0" total="4" passed="4" failed="0" skipped="0">
  <reporter-output>
  </reporter-output>
  <suite started-at="2020-11-20T09:26:40 IST" name="Suite" finished-at="2020-11-20T09:26:40 IST" duration-ms="82">
    <groups>
    </groups>
    <test started-at="2020-11-20T09:26:40 IST" name="Test" finished-at="2020-11-20T09:26:40 IST" duration-ms="82">
      <class name="com.tester.DemoTest">
        <test-method signature="test1()[pri:0, instance:com.tester.DemoTest@a1cdc6d]" started-at="2020-11-20T09:26:40 IST" name="test1" finished-at="2020-11-20T09:26:40 IST" duration-ms="10" status="PASS">
          <reporter-output>
          </reporter-output>
        </test-method> <!-- test1 -->
        <test-method signature="test2()[pri:0, instance:com.tester.DemoTest@a1cdc6d]" started-at="2020-11-20T09:26:40 IST" name="test2" finished-at="2020-11-20T09:26:40 IST" duration-ms="4" status="PASS">
          <reporter-output>
          </reporter-output>
        </test-method> <!-- test2 -->
      </class> <!-- com.tester.DemoTest -->
      <class name="com.tester.Demo2Test">
        <test-method signature="test3()[pri:0, instance:com.tester.Demo2Test@175b9425]" started-at="2020-11-20T09:26:40 IST" name="test3" finished-at="2020-11-20T09:26:40 IST" duration-ms="2" status="PASS">
          <reporter-output>
          </reporter-output>
        </test-method> <!-- test3 -->
        <test-method signature="test4()[pri:0, instance:com.tester.Demo2Test@175b9425]" started-at="2020-11-20T09:26:40 IST" name="test4" finished-at="2020-11-20T09:26:40 IST" duration-ms="5" status="PASS">
          <reporter-output>
          </reporter-output>
        </test-method> <!-- test4 -->
      </class> <!-- com.tester.Demo2Test -->
    </test> <!-- Test -->
  </suite> <!-- Suite -->
</testng-results>
