<?xml version="1.0" encoding="UTF-8"?>
<!-- Generated by org.testng.reporters.JUnitXMLReporter -->
<testsuite ignored="0" hostname="DESKTOP-9QLAD2I" failures="0" tests="4" name="Test" time="0.082" errors="0" timestamp="2020-11-20T09:26:40 IST">
  <testcase classname="com.tester.DemoTest" name="test1" time="0.01"/>
  <testcase classname="com.tester.DemoTest" name="test2" time="0.004"/>
  <testcase classname="com.tester.Demo2Test" name="test3" time="0.002"/>
  <testcase classname="com.tester.Demo2Test" name="test4" time="0.005"/>
</testsuite> <!-- Test -->
